<?xml version="1.0" encoding="UTF-8"?>
<testng-results skipped="0" failed="0" total="1" passed="1">
  <reporter-output>
  </reporter-output>
  <suite name="Default suite" duration-ms="40837" started-at="2020-03-02T10:38:23Z" finished-at="2020-03-02T10:39:04Z">
    <groups>
    </groups>
    <test name="Default test" duration-ms="40837" started-at="2020-03-02T10:38:23Z" finished-at="2020-03-02T10:39:04Z">
      <class name="New.NewTests">
        <test-method status="PASS" signature="beforeTest()[pri:0, instance:New.NewTests@29ee9faa]" name="beforeTest" is-config="true" duration-ms="40109" started-at="2020-03-02T16:08:23Z" finished-at="2020-03-02T16:09:03Z">
          <reporter-output>
          </reporter-output>
        </test-method> <!-- beforeTest -->
        <test-method status="PASS" signature="testEasy()[pri:0, instance:New.NewTests@29ee9faa]" name="testEasy" duration-ms="18" started-at="2020-03-02T16:09:03Z" finished-at="2020-03-02T16:09:03Z">
          <reporter-output>
          </reporter-output>
        </test-method> <!-- testEasy -->
        <test-method status="PASS" signature="afterTest()[pri:0, instance:New.NewTests@29ee9faa]" name="afterTest" is-config="true" duration-ms="692" started-at="2020-03-02T16:09:03Z" finished-at="2020-03-02T16:09:04Z">
          <reporter-output>
          </reporter-output>
        </test-method> <!-- afterTest -->
      </class> <!-- New.NewTests -->
    </test> <!-- Default test -->
  </suite> <!-- Default suite -->
</testng-results>
